[2026-04-06T02:17:35.866+0000] {local_task_job_runner.py:123} INFO - ::group::Pre task execution logs
[2026-04-06T02:17:35.874+0000] {taskinstance.py:2613} INFO - Dependencies all met for dep_context=non-requeueable deps ti=<TaskInstance: health_etl_pipeline.run_spark_etl scheduled__2026-04-06T02:00:00+00:00 [queued]>
[2026-04-06T02:17:35.878+0000] {taskinstance.py:2613} INFO - Dependencies all met for dep_context=requeueable deps ti=<TaskInstance: health_etl_pipeline.run_spark_etl scheduled__2026-04-06T02:00:00+00:00 [queued]>
[2026-04-06T02:17:35.879+0000] {taskinstance.py:2866} INFO - Starting attempt 1 of 2
[2026-04-06T02:17:35.888+0000] {taskinstance.py:2889} INFO - Executing <Task(_PythonDecoratedOperator): run_spark_etl> on 2026-04-06 02:00:00+00:00
[2026-04-06T02:17:35.891+0000] {standard_task_runner.py:72} INFO - Started process 107 to run task
[2026-04-06T02:17:35.895+0000] {standard_task_runner.py:104} INFO - Running: ['airflow', 'tasks', 'run', 'health_etl_pipeline', 'run_spark_etl', 'scheduled__2026-04-06T02:00:00+00:00', '--job-id', '3', '--raw', '--subdir', 'DAGS_FOLDER/health_etl_dag.py', '--cfg-path', '/tmp/tmpv3fko4d8']
[2026-04-06T02:17:35.896+0000] {standard_task_runner.py:105} INFO - Job 3: Subtask run_spark_etl
[2026-04-06T02:17:35.929+0000] {task_command.py:467} INFO - Running <TaskInstance: health_etl_pipeline.run_spark_etl scheduled__2026-04-06T02:00:00+00:00 [running]> on host a5c8b401e4c2
[2026-04-06T02:17:35.969+0000] {taskinstance.py:3132} INFO - Exporting env vars: AIRFLOW_CTX_DAG_OWNER='data-engineering' AIRFLOW_CTX_DAG_ID='health_etl_pipeline' AIRFLOW_CTX_TASK_ID='run_spark_etl' AIRFLOW_CTX_EXECUTION_DATE='2026-04-06T02:00:00+00:00' AIRFLOW_CTX_TRY_NUMBER='1' AIRFLOW_CTX_DAG_RUN_ID='scheduled__2026-04-06T02:00:00+00:00'
[2026-04-06T02:17:35.970+0000] {taskinstance.py:731} INFO - ::endgroup::
[2026-04-06T02:17:36.987+0000] {taskinstance.py:3311} ERROR - Task failed with exception
Traceback (most recent call last):
  File "/home/airflow/.local/lib/python3.11/site-packages/airflow/models/taskinstance.py", line 767, in _execute_task
    result = _execute_callable(context=context, **execute_callable_kwargs)
             ^^^^^^^^^^^^^^^^^^^^^^^^^^^^^^^^^^^^^^^^^^^^^^^^^^^^^^^^^^^^^
  File "/home/airflow/.local/lib/python3.11/site-packages/airflow/models/taskinstance.py", line 733, in _execute_callable
    return ExecutionCallableRunner(
           ^^^^^^^^^^^^^^^^^^^^^^^^
  File "/home/airflow/.local/lib/python3.11/site-packages/airflow/utils/operator_helpers.py", line 252, in run
    return self.func(*args, **kwargs)
           ^^^^^^^^^^^^^^^^^^^^^^^^^^
  File "/home/airflow/.local/lib/python3.11/site-packages/airflow/models/baseoperator.py", line 422, in wrapper
    return func(self, *args, **kwargs)
           ^^^^^^^^^^^^^^^^^^^^^^^^^^^
  File "/home/airflow/.local/lib/python3.11/site-packages/airflow/decorators/base.py", line 266, in execute
    return_value = super().execute(context)
                   ^^^^^^^^^^^^^^^^^^^^^^^^
  File "/home/airflow/.local/lib/python3.11/site-packages/airflow/models/baseoperator.py", line 422, in wrapper
    return func(self, *args, **kwargs)
           ^^^^^^^^^^^^^^^^^^^^^^^^^^^
  File "/home/airflow/.local/lib/python3.11/site-packages/airflow/operators/python.py", line 238, in execute
    return_value = self.execute_callable()
                   ^^^^^^^^^^^^^^^^^^^^^^^
  File "/home/airflow/.local/lib/python3.11/site-packages/airflow/operators/python.py", line 256, in execute_callable
    return runner.run(*self.op_args, **self.op_kwargs)
           ^^^^^^^^^^^^^^^^^^^^^^^^^^^^^^^^^^^^^^^^^^^
  File "/home/airflow/.local/lib/python3.11/site-packages/airflow/utils/operator_helpers.py", line 252, in run
    return self.func(*args, **kwargs)
           ^^^^^^^^^^^^^^^^^^^^^^^^^^
  File "/opt/airflow/dags/health_etl_dag.py", line 67, in run_spark_etl
    subprocess.run(
  File "/usr/local/lib/python3.11/subprocess.py", line 571, in run
    raise CalledProcessError(retcode, process.args,
subprocess.CalledProcessError: Command '['/home/airflow/.local/bin/python', '/opt/airflow/project/scripts/etl_pipeline.py', '--mode', 'auto', '--local-base', '/opt/airflow/project/data/etl_output']' returned non-zero exit status 1.
[2026-04-06T02:17:36.999+0000] {taskinstance.py:1225} INFO - Marking task as UP_FOR_RETRY. dag_id=health_etl_pipeline, task_id=run_spark_etl, run_id=scheduled__2026-04-06T02:00:00+00:00, execution_date=20260406T020000, start_date=20260406T021735, end_date=20260406T021736
[2026-04-06T02:17:37.009+0000] {taskinstance.py:340} INFO - ::group::Post task execution logs
[2026-04-06T02:17:37.010+0000] {standard_task_runner.py:124} ERROR - Failed to execute job 3 for task run_spark_etl (Command '['/home/airflow/.local/bin/python', '/opt/airflow/project/scripts/etl_pipeline.py', '--mode', 'auto', '--local-base', '/opt/airflow/project/data/etl_output']' returned non-zero exit status 1.; 107)
Traceback (most recent call last):
  File "/home/airflow/.local/lib/python3.11/site-packages/airflow/task/task_runner/standard_task_runner.py", line 117, in _start_by_fork
    ret = args.func(args, dag=self.dag)
          ^^^^^^^^^^^^^^^^^^^^^^^^^^^^^
  File "/home/airflow/.local/lib/python3.11/site-packages/airflow/cli/cli_config.py", line 49, in command
    return func(*args, **kwargs)
           ^^^^^^^^^^^^^^^^^^^^^
  File "/home/airflow/.local/lib/python3.11/site-packages/airflow/utils/cli.py", line 116, in wrapper
    return f(*args, **kwargs)
           ^^^^^^^^^^^^^^^^^^
  File "/home/airflow/.local/lib/python3.11/site-packages/airflow/cli/commands/task_command.py", line 483, in task_run
    task_return_code = _run_task_by_selected_method(args, _dag, ti)
                       ^^^^^^^^^^^^^^^^^^^^^^^^^^^^^^^^^^^^^^^^^^^^
  File "/home/airflow/.local/lib/python3.11/site-packages/airflow/cli/commands/task_command.py", line 256, in _run_task_by_selected_method
    return _run_raw_task(args, ti)
           ^^^^^^^^^^^^^^^^^^^^^^^
  File "/home/airflow/.local/lib/python3.11/site-packages/airflow/cli/commands/task_command.py", line 341, in _run_raw_task
    return ti._run_raw_task(
           ^^^^^^^^^^^^^^^^^
  File "/home/airflow/.local/lib/python3.11/site-packages/airflow/utils/session.py", line 97, in wrapper
    return func(*args, session=session, **kwargs)
           ^^^^^^^^^^^^^^^^^^^^^^^^^^^^^^^^^^^^^^
  File "/home/airflow/.local/lib/python3.11/site-packages/airflow/models/taskinstance.py", line 3005, in _run_raw_task
    return _run_raw_task(
           ^^^^^^^^^^^^^^
  File "/home/airflow/.local/lib/python3.11/site-packages/airflow/models/taskinstance.py", line 273, in _run_raw_task
    TaskInstance._execute_task_with_callbacks(
  File "/home/airflow/.local/lib/python3.11/site-packages/airflow/models/taskinstance.py", line 3159, in _execute_task_with_callbacks
    result = self._execute_task(context, task_orig)
             ^^^^^^^^^^^^^^^^^^^^^^^^^^^^^^^^^^^^^^
  File "/home/airflow/.local/lib/python3.11/site-packages/airflow/models/taskinstance.py", line 3183, in _execute_task
    return _execute_task(self, context, task_orig)
           ^^^^^^^^^^^^^^^^^^^^^^^^^^^^^^^^^^^^^^^
  File "/home/airflow/.local/lib/python3.11/site-packages/airflow/models/taskinstance.py", line 767, in _execute_task
    result = _execute_callable(context=context, **execute_callable_kwargs)
             ^^^^^^^^^^^^^^^^^^^^^^^^^^^^^^^^^^^^^^^^^^^^^^^^^^^^^^^^^^^^^
  File "/home/airflow/.local/lib/python3.11/site-packages/airflow/models/taskinstance.py", line 733, in _execute_callable
    return ExecutionCallableRunner(
           ^^^^^^^^^^^^^^^^^^^^^^^^
  File "/home/airflow/.local/lib/python3.11/site-packages/airflow/utils/operator_helpers.py", line 252, in run
    return self.func(*args, **kwargs)
           ^^^^^^^^^^^^^^^^^^^^^^^^^^
  File "/home/airflow/.local/lib/python3.11/site-packages/airflow/models/baseoperator.py", line 422, in wrapper
    return func(self, *args, **kwargs)
           ^^^^^^^^^^^^^^^^^^^^^^^^^^^
  File "/home/airflow/.local/lib/python3.11/site-packages/airflow/decorators/base.py", line 266, in execute
    return_value = super().execute(context)
                   ^^^^^^^^^^^^^^^^^^^^^^^^
  File "/home/airflow/.local/lib/python3.11/site-packages/airflow/models/baseoperator.py", line 422, in wrapper
    return func(self, *args, **kwargs)
           ^^^^^^^^^^^^^^^^^^^^^^^^^^^
  File "/home/airflow/.local/lib/python3.11/site-packages/airflow/operators/python.py", line 238, in execute
    return_value = self.execute_callable()
                   ^^^^^^^^^^^^^^^^^^^^^^^
  File "/home/airflow/.local/lib/python3.11/site-packages/airflow/operators/python.py", line 256, in execute_callable
    return runner.run(*self.op_args, **self.op_kwargs)
           ^^^^^^^^^^^^^^^^^^^^^^^^^^^^^^^^^^^^^^^^^^^
  File "/home/airflow/.local/lib/python3.11/site-packages/airflow/utils/operator_helpers.py", line 252, in run
    return self.func(*args, **kwargs)
           ^^^^^^^^^^^^^^^^^^^^^^^^^^
  File "/opt/airflow/dags/health_etl_dag.py", line 67, in run_spark_etl
    subprocess.run(
  File "/usr/local/lib/python3.11/subprocess.py", line 571, in run
    raise CalledProcessError(retcode, process.args,
subprocess.CalledProcessError: Command '['/home/airflow/.local/bin/python', '/opt/airflow/project/scripts/etl_pipeline.py', '--mode', 'auto', '--local-base', '/opt/airflow/project/data/etl_output']' returned non-zero exit status 1.
[2026-04-06T02:17:37.021+0000] {local_task_job_runner.py:266} INFO - Task exited with return code 1
[2026-04-06T02:17:37.033+0000] {taskinstance.py:3895} INFO - 0 downstream tasks scheduled from follow-on schedule check
[2026-04-06T02:17:37.034+0000] {local_task_job_runner.py:245} INFO - ::endgroup::
