[2026-04-06T02:15:09.322+0000] {processor.py:186} INFO - Started process (PID=56) to work on /opt/airflow/dags/health_etl_dag.py
[2026-04-06T02:15:09.325+0000] {processor.py:914} INFO - Processing file /opt/airflow/dags/health_etl_dag.py for tasks to queue
[2026-04-06T02:15:09.329+0000] {logging_mixin.py:190} INFO - [2026-04-06T02:15:09.329+0000] {dagbag.py:588} INFO - Filling up the DagBag from /opt/airflow/dags/health_etl_dag.py
[2026-04-06T02:15:09.345+0000] {processor.py:925} INFO - DAG(s) 'health_etl_pipeline' retrieved from /opt/airflow/dags/health_etl_dag.py
[2026-04-06T02:15:09.456+0000] {logging_mixin.py:190} INFO - [2026-04-06T02:15:09.456+0000] {override.py:1911} INFO - Created Permission View: can read on DAG:health_etl_pipeline
[2026-04-06T02:15:09.466+0000] {logging_mixin.py:190} INFO - [2026-04-06T02:15:09.466+0000] {override.py:1911} INFO - Created Permission View: can edit on DAG:health_etl_pipeline
[2026-04-06T02:15:09.476+0000] {logging_mixin.py:190} INFO - [2026-04-06T02:15:09.476+0000] {override.py:1911} INFO - Created Permission View: can delete on DAG:health_etl_pipeline
[2026-04-06T02:15:09.485+0000] {logging_mixin.py:190} INFO - [2026-04-06T02:15:09.484+0000] {override.py:1911} INFO - Created Permission View: can read on DAG Run:health_etl_pipeline
[2026-04-06T02:15:09.490+0000] {logging_mixin.py:190} INFO - [2026-04-06T02:15:09.490+0000] {override.py:1911} INFO - Created Permission View: can create on DAG Run:health_etl_pipeline
[2026-04-06T02:15:09.495+0000] {logging_mixin.py:190} INFO - [2026-04-06T02:15:09.495+0000] {override.py:1911} INFO - Created Permission View: can delete on DAG Run:health_etl_pipeline
[2026-04-06T02:15:09.501+0000] {logging_mixin.py:190} INFO - [2026-04-06T02:15:09.500+0000] {override.py:1911} INFO - Created Permission View: menu access on DAG Run:health_etl_pipeline
[2026-04-06T02:15:09.501+0000] {logging_mixin.py:190} INFO - [2026-04-06T02:15:09.501+0000] {dag.py:3239} INFO - Sync 1 DAGs
[2026-04-06T02:15:09.511+0000] {logging_mixin.py:190} INFO - [2026-04-06T02:15:09.511+0000] {dag.py:3262} INFO - Creating ORM DAG for health_etl_pipeline
[2026-04-06T02:15:09.520+0000] {logging_mixin.py:190} INFO - [2026-04-06T02:15:09.519+0000] {dag.py:4180} INFO - Setting next_dagrun for health_etl_pipeline to 2026-04-06 02:00:00+00:00, run_after=2026-04-06 02:10:00+00:00
[2026-04-06T02:15:09.534+0000] {processor.py:208} INFO - Processing /opt/airflow/dags/health_etl_dag.py took 0.222 seconds
[2026-04-06T02:15:40.451+0000] {processor.py:186} INFO - Started process (PID=77) to work on /opt/airflow/dags/health_etl_dag.py
[2026-04-06T02:15:40.453+0000] {processor.py:914} INFO - Processing file /opt/airflow/dags/health_etl_dag.py for tasks to queue
[2026-04-06T02:15:40.459+0000] {logging_mixin.py:190} INFO - [2026-04-06T02:15:40.458+0000] {dagbag.py:588} INFO - Filling up the DagBag from /opt/airflow/dags/health_etl_dag.py
[2026-04-06T02:15:40.472+0000] {processor.py:925} INFO - DAG(s) 'health_etl_pipeline' retrieved from /opt/airflow/dags/health_etl_dag.py
[2026-04-06T02:15:40.492+0000] {logging_mixin.py:190} INFO - [2026-04-06T02:15:40.492+0000] {dag.py:3239} INFO - Sync 1 DAGs
[2026-04-06T02:15:40.507+0000] {logging_mixin.py:190} INFO - [2026-04-06T02:15:40.507+0000] {dag.py:4180} INFO - Setting next_dagrun for health_etl_pipeline to 2026-04-06 02:00:00+00:00, run_after=2026-04-06 02:10:00+00:00
[2026-04-06T02:15:40.520+0000] {processor.py:208} INFO - Processing /opt/airflow/dags/health_etl_dag.py took 0.075 seconds
[2026-04-06T02:16:10.756+0000] {processor.py:186} INFO - Started process (PID=78) to work on /opt/airflow/dags/health_etl_dag.py
[2026-04-06T02:16:10.757+0000] {processor.py:914} INFO - Processing file /opt/airflow/dags/health_etl_dag.py for tasks to queue
[2026-04-06T02:16:10.759+0000] {logging_mixin.py:190} INFO - [2026-04-06T02:16:10.759+0000] {dagbag.py:588} INFO - Filling up the DagBag from /opt/airflow/dags/health_etl_dag.py
[2026-04-06T02:16:10.773+0000] {processor.py:925} INFO - DAG(s) 'health_etl_pipeline' retrieved from /opt/airflow/dags/health_etl_dag.py
[2026-04-06T02:16:10.788+0000] {logging_mixin.py:190} INFO - [2026-04-06T02:16:10.788+0000] {dag.py:3239} INFO - Sync 1 DAGs
[2026-04-06T02:16:10.803+0000] {logging_mixin.py:190} INFO - [2026-04-06T02:16:10.802+0000] {dag.py:4180} INFO - Setting next_dagrun for health_etl_pipeline to 2026-04-06 02:00:00+00:00, run_after=2026-04-06 02:10:00+00:00
[2026-04-06T02:16:10.817+0000] {processor.py:208} INFO - Processing /opt/airflow/dags/health_etl_dag.py took 0.070 seconds
[2026-04-06T02:16:41.025+0000] {processor.py:186} INFO - Started process (PID=87) to work on /opt/airflow/dags/health_etl_dag.py
[2026-04-06T02:16:41.027+0000] {processor.py:914} INFO - Processing file /opt/airflow/dags/health_etl_dag.py for tasks to queue
[2026-04-06T02:16:41.030+0000] {logging_mixin.py:190} INFO - [2026-04-06T02:16:41.029+0000] {dagbag.py:588} INFO - Filling up the DagBag from /opt/airflow/dags/health_etl_dag.py
[2026-04-06T02:16:41.043+0000] {processor.py:925} INFO - DAG(s) 'health_etl_pipeline' retrieved from /opt/airflow/dags/health_etl_dag.py
[2026-04-06T02:16:41.062+0000] {logging_mixin.py:190} INFO - [2026-04-06T02:16:41.061+0000] {dag.py:3239} INFO - Sync 1 DAGs
[2026-04-06T02:16:41.079+0000] {logging_mixin.py:190} INFO - [2026-04-06T02:16:41.079+0000] {dag.py:4180} INFO - Setting next_dagrun for health_etl_pipeline to 2026-04-06 02:00:00+00:00, run_after=2026-04-06 02:10:00+00:00
[2026-04-06T02:16:41.096+0000] {processor.py:208} INFO - Processing /opt/airflow/dags/health_etl_dag.py took 0.076 seconds
[2026-04-06T02:17:11.299+0000] {processor.py:186} INFO - Started process (PID=95) to work on /opt/airflow/dags/health_etl_dag.py
[2026-04-06T02:17:11.300+0000] {processor.py:914} INFO - Processing file /opt/airflow/dags/health_etl_dag.py for tasks to queue
[2026-04-06T02:17:11.303+0000] {logging_mixin.py:190} INFO - [2026-04-06T02:17:11.303+0000] {dagbag.py:588} INFO - Filling up the DagBag from /opt/airflow/dags/health_etl_dag.py
[2026-04-06T02:17:11.315+0000] {processor.py:925} INFO - DAG(s) 'health_etl_pipeline' retrieved from /opt/airflow/dags/health_etl_dag.py
[2026-04-06T02:17:11.333+0000] {logging_mixin.py:190} INFO - [2026-04-06T02:17:11.333+0000] {dag.py:3239} INFO - Sync 1 DAGs
[2026-04-06T02:17:11.351+0000] {logging_mixin.py:190} INFO - [2026-04-06T02:17:11.351+0000] {dag.py:4180} INFO - Setting next_dagrun for health_etl_pipeline to 2026-04-06 02:00:00+00:00, run_after=2026-04-06 02:10:00+00:00
[2026-04-06T02:17:11.369+0000] {processor.py:208} INFO - Processing /opt/airflow/dags/health_etl_dag.py took 0.077 seconds
[2026-04-06T02:17:41.788+0000] {processor.py:186} INFO - Started process (PID=129) to work on /opt/airflow/dags/health_etl_dag.py
[2026-04-06T02:17:41.790+0000] {processor.py:914} INFO - Processing file /opt/airflow/dags/health_etl_dag.py for tasks to queue
[2026-04-06T02:17:41.794+0000] {logging_mixin.py:190} INFO - [2026-04-06T02:17:41.793+0000] {dagbag.py:588} INFO - Filling up the DagBag from /opt/airflow/dags/health_etl_dag.py
[2026-04-06T02:17:41.815+0000] {processor.py:925} INFO - DAG(s) 'health_etl_pipeline' retrieved from /opt/airflow/dags/health_etl_dag.py
[2026-04-06T02:17:41.846+0000] {logging_mixin.py:190} INFO - [2026-04-06T02:17:41.845+0000] {dag.py:3239} INFO - Sync 1 DAGs
[2026-04-06T02:17:41.886+0000] {processor.py:208} INFO - Processing /opt/airflow/dags/health_etl_dag.py took 0.108 seconds
[2026-04-06T02:18:12.013+0000] {processor.py:186} INFO - Started process (PID=130) to work on /opt/airflow/dags/health_etl_dag.py
[2026-04-06T02:18:12.014+0000] {processor.py:914} INFO - Processing file /opt/airflow/dags/health_etl_dag.py for tasks to queue
[2026-04-06T02:18:12.018+0000] {logging_mixin.py:190} INFO - [2026-04-06T02:18:12.017+0000] {dagbag.py:588} INFO - Filling up the DagBag from /opt/airflow/dags/health_etl_dag.py
[2026-04-06T02:18:12.053+0000] {processor.py:925} INFO - DAG(s) 'health_etl_pipeline' retrieved from /opt/airflow/dags/health_etl_dag.py
[2026-04-06T02:18:12.087+0000] {logging_mixin.py:190} INFO - [2026-04-06T02:18:12.087+0000] {dag.py:3239} INFO - Sync 1 DAGs
[2026-04-06T02:18:12.114+0000] {processor.py:208} INFO - Processing /opt/airflow/dags/health_etl_dag.py took 0.107 seconds
[2026-04-06T02:18:43.273+0000] {processor.py:186} INFO - Started process (PID=131) to work on /opt/airflow/dags/health_etl_dag.py
[2026-04-06T02:18:43.274+0000] {processor.py:914} INFO - Processing file /opt/airflow/dags/health_etl_dag.py for tasks to queue
[2026-04-06T02:18:43.278+0000] {logging_mixin.py:190} INFO - [2026-04-06T02:18:43.277+0000] {dagbag.py:588} INFO - Filling up the DagBag from /opt/airflow/dags/health_etl_dag.py
[2026-04-06T02:18:43.300+0000] {processor.py:925} INFO - DAG(s) 'health_etl_pipeline' retrieved from /opt/airflow/dags/health_etl_dag.py
[2026-04-06T02:18:43.352+0000] {logging_mixin.py:190} INFO - [2026-04-06T02:18:43.352+0000] {dag.py:3239} INFO - Sync 1 DAGs
[2026-04-06T02:18:43.424+0000] {processor.py:208} INFO - Processing /opt/airflow/dags/health_etl_dag.py took 0.159 seconds
[2026-04-06T02:19:13.669+0000] {processor.py:186} INFO - Started process (PID=132) to work on /opt/airflow/dags/health_etl_dag.py
[2026-04-06T02:19:13.671+0000] {processor.py:914} INFO - Processing file /opt/airflow/dags/health_etl_dag.py for tasks to queue
[2026-04-06T02:19:13.674+0000] {logging_mixin.py:190} INFO - [2026-04-06T02:19:13.674+0000] {dagbag.py:588} INFO - Filling up the DagBag from /opt/airflow/dags/health_etl_dag.py
[2026-04-06T02:19:13.689+0000] {processor.py:925} INFO - DAG(s) 'health_etl_pipeline' retrieved from /opt/airflow/dags/health_etl_dag.py
[2026-04-06T02:19:13.707+0000] {logging_mixin.py:190} INFO - [2026-04-06T02:19:13.707+0000] {dag.py:3239} INFO - Sync 1 DAGs
[2026-04-06T02:19:13.738+0000] {processor.py:208} INFO - Processing /opt/airflow/dags/health_etl_dag.py took 0.075 seconds
[2026-04-06T02:19:22.124+0000] {processor.py:186} INFO - Started process (PID=133) to work on /opt/airflow/dags/health_etl_dag.py
[2026-04-06T02:19:22.130+0000] {processor.py:914} INFO - Processing file /opt/airflow/dags/health_etl_dag.py for tasks to queue
[2026-04-06T02:19:22.178+0000] {logging_mixin.py:190} INFO - [2026-04-06T02:19:22.174+0000] {dagbag.py:588} INFO - Filling up the DagBag from /opt/airflow/dags/health_etl_dag.py
[2026-04-06T02:19:22.357+0000] {processor.py:925} INFO - DAG(s) 'health_etl_pipeline' retrieved from /opt/airflow/dags/health_etl_dag.py
[2026-04-06T02:19:22.419+0000] {logging_mixin.py:190} INFO - [2026-04-06T02:19:22.418+0000] {dag.py:3239} INFO - Sync 1 DAGs
[2026-04-06T02:19:22.533+0000] {processor.py:208} INFO - Processing /opt/airflow/dags/health_etl_dag.py took 0.468 seconds
[2026-04-06T02:19:52.813+0000] {processor.py:186} INFO - Started process (PID=134) to work on /opt/airflow/dags/health_etl_dag.py
[2026-04-06T02:19:52.813+0000] {processor.py:914} INFO - Processing file /opt/airflow/dags/health_etl_dag.py for tasks to queue
[2026-04-06T02:19:52.816+0000] {logging_mixin.py:190} INFO - [2026-04-06T02:19:52.816+0000] {dagbag.py:588} INFO - Filling up the DagBag from /opt/airflow/dags/health_etl_dag.py
[2026-04-06T02:19:52.831+0000] {processor.py:925} INFO - DAG(s) 'health_etl_pipeline' retrieved from /opt/airflow/dags/health_etl_dag.py
[2026-04-06T02:19:52.850+0000] {logging_mixin.py:190} INFO - [2026-04-06T02:19:52.850+0000] {dag.py:3239} INFO - Sync 1 DAGs
[2026-04-06T02:19:52.881+0000] {processor.py:208} INFO - Processing /opt/airflow/dags/health_etl_dag.py took 0.075 seconds
[2026-04-06T02:20:46.572+0000] {processor.py:186} INFO - Started process (PID=56) to work on /opt/airflow/dags/health_etl_dag.py
[2026-04-06T02:20:46.574+0000] {processor.py:914} INFO - Processing file /opt/airflow/dags/health_etl_dag.py for tasks to queue
[2026-04-06T02:20:46.577+0000] {logging_mixin.py:190} INFO - [2026-04-06T02:20:46.576+0000] {dagbag.py:588} INFO - Filling up the DagBag from /opt/airflow/dags/health_etl_dag.py
[2026-04-06T02:20:46.590+0000] {processor.py:925} INFO - DAG(s) 'health_etl_pipeline' retrieved from /opt/airflow/dags/health_etl_dag.py
[2026-04-06T02:20:46.718+0000] {logging_mixin.py:190} INFO - [2026-04-06T02:20:46.717+0000] {override.py:1911} INFO - Created Permission View: can edit on DAG:health_etl_pipeline
[2026-04-06T02:20:46.729+0000] {logging_mixin.py:190} INFO - [2026-04-06T02:20:46.728+0000] {override.py:1911} INFO - Created Permission View: can read on DAG:health_etl_pipeline
[2026-04-06T02:20:46.735+0000] {logging_mixin.py:190} INFO - [2026-04-06T02:20:46.735+0000] {override.py:1911} INFO - Created Permission View: can delete on DAG:health_etl_pipeline
[2026-04-06T02:20:46.744+0000] {logging_mixin.py:190} INFO - [2026-04-06T02:20:46.744+0000] {override.py:1911} INFO - Created Permission View: can create on DAG Run:health_etl_pipeline
[2026-04-06T02:20:46.754+0000] {logging_mixin.py:190} INFO - [2026-04-06T02:20:46.753+0000] {override.py:1911} INFO - Created Permission View: can read on DAG Run:health_etl_pipeline
[2026-04-06T02:20:46.764+0000] {logging_mixin.py:190} INFO - [2026-04-06T02:20:46.764+0000] {override.py:1911} INFO - Created Permission View: can delete on DAG Run:health_etl_pipeline
[2026-04-06T02:20:46.770+0000] {logging_mixin.py:190} INFO - [2026-04-06T02:20:46.770+0000] {override.py:1911} INFO - Created Permission View: menu access on DAG Run:health_etl_pipeline
[2026-04-06T02:20:46.770+0000] {logging_mixin.py:190} INFO - [2026-04-06T02:20:46.770+0000] {dag.py:3239} INFO - Sync 1 DAGs
[2026-04-06T02:20:46.782+0000] {logging_mixin.py:190} INFO - [2026-04-06T02:20:46.782+0000] {dag.py:3262} INFO - Creating ORM DAG for health_etl_pipeline
[2026-04-06T02:20:46.792+0000] {logging_mixin.py:190} INFO - [2026-04-06T02:20:46.792+0000] {dag.py:4180} INFO - Setting next_dagrun for health_etl_pipeline to 2026-04-06 02:10:00+00:00, run_after=2026-04-06 02:20:00+00:00
[2026-04-06T02:20:46.866+0000] {processor.py:208} INFO - Processing /opt/airflow/dags/health_etl_dag.py took 0.300 seconds
[2026-04-06T02:21:17.762+0000] {processor.py:186} INFO - Started process (PID=77) to work on /opt/airflow/dags/health_etl_dag.py
[2026-04-06T02:21:17.764+0000] {processor.py:914} INFO - Processing file /opt/airflow/dags/health_etl_dag.py for tasks to queue
[2026-04-06T02:21:17.767+0000] {logging_mixin.py:190} INFO - [2026-04-06T02:21:17.766+0000] {dagbag.py:588} INFO - Filling up the DagBag from /opt/airflow/dags/health_etl_dag.py
[2026-04-06T02:21:17.788+0000] {processor.py:925} INFO - DAG(s) 'health_etl_pipeline' retrieved from /opt/airflow/dags/health_etl_dag.py
[2026-04-06T02:21:17.806+0000] {logging_mixin.py:190} INFO - [2026-04-06T02:21:17.806+0000] {dag.py:3239} INFO - Sync 1 DAGs
[2026-04-06T02:21:17.821+0000] {logging_mixin.py:190} INFO - [2026-04-06T02:21:17.821+0000] {dag.py:4180} INFO - Setting next_dagrun for health_etl_pipeline to 2026-04-06 02:10:00+00:00, run_after=2026-04-06 02:20:00+00:00
[2026-04-06T02:21:17.835+0000] {processor.py:208} INFO - Processing /opt/airflow/dags/health_etl_dag.py took 0.078 seconds
[2026-04-06T02:21:48.080+0000] {processor.py:186} INFO - Started process (PID=78) to work on /opt/airflow/dags/health_etl_dag.py
[2026-04-06T02:21:48.087+0000] {processor.py:914} INFO - Processing file /opt/airflow/dags/health_etl_dag.py for tasks to queue
[2026-04-06T02:21:48.096+0000] {logging_mixin.py:190} INFO - [2026-04-06T02:21:48.095+0000] {dagbag.py:588} INFO - Filling up the DagBag from /opt/airflow/dags/health_etl_dag.py
[2026-04-06T02:21:48.146+0000] {processor.py:925} INFO - DAG(s) 'health_etl_pipeline' retrieved from /opt/airflow/dags/health_etl_dag.py
[2026-04-06T02:21:48.200+0000] {logging_mixin.py:190} INFO - [2026-04-06T02:21:48.199+0000] {dag.py:3239} INFO - Sync 1 DAGs
[2026-04-06T02:21:48.259+0000] {logging_mixin.py:190} INFO - [2026-04-06T02:21:48.259+0000] {dag.py:4180} INFO - Setting next_dagrun for health_etl_pipeline to 2026-04-06 02:10:00+00:00, run_after=2026-04-06 02:20:00+00:00
[2026-04-06T02:21:48.396+0000] {processor.py:208} INFO - Processing /opt/airflow/dags/health_etl_dag.py took 0.330 seconds
[2026-04-06T02:22:19.559+0000] {processor.py:186} INFO - Started process (PID=79) to work on /opt/airflow/dags/health_etl_dag.py
[2026-04-06T02:22:19.561+0000] {processor.py:914} INFO - Processing file /opt/airflow/dags/health_etl_dag.py for tasks to queue
[2026-04-06T02:22:19.563+0000] {logging_mixin.py:190} INFO - [2026-04-06T02:22:19.563+0000] {dagbag.py:588} INFO - Filling up the DagBag from /opt/airflow/dags/health_etl_dag.py
[2026-04-06T02:22:19.576+0000] {processor.py:925} INFO - DAG(s) 'health_etl_pipeline' retrieved from /opt/airflow/dags/health_etl_dag.py
[2026-04-06T02:22:19.599+0000] {logging_mixin.py:190} INFO - [2026-04-06T02:22:19.599+0000] {dag.py:3239} INFO - Sync 1 DAGs
[2026-04-06T02:22:19.634+0000] {logging_mixin.py:190} INFO - [2026-04-06T02:22:19.634+0000] {dag.py:4180} INFO - Setting next_dagrun for health_etl_pipeline to 2026-04-06 02:10:00+00:00, run_after=2026-04-06 02:20:00+00:00
[2026-04-06T02:22:19.661+0000] {processor.py:208} INFO - Processing /opt/airflow/dags/health_etl_dag.py took 0.110 seconds
[2026-04-06T02:22:49.864+0000] {processor.py:186} INFO - Started process (PID=86) to work on /opt/airflow/dags/health_etl_dag.py
[2026-04-06T02:22:49.865+0000] {processor.py:914} INFO - Processing file /opt/airflow/dags/health_etl_dag.py for tasks to queue
[2026-04-06T02:22:49.868+0000] {logging_mixin.py:190} INFO - [2026-04-06T02:22:49.867+0000] {dagbag.py:588} INFO - Filling up the DagBag from /opt/airflow/dags/health_etl_dag.py
[2026-04-06T02:22:49.932+0000] {processor.py:925} INFO - DAG(s) 'health_etl_pipeline' retrieved from /opt/airflow/dags/health_etl_dag.py
[2026-04-06T02:22:49.964+0000] {logging_mixin.py:190} INFO - [2026-04-06T02:22:49.963+0000] {dag.py:3239} INFO - Sync 1 DAGs
[2026-04-06T02:22:49.991+0000] {logging_mixin.py:190} INFO - [2026-04-06T02:22:49.990+0000] {dag.py:4180} INFO - Setting next_dagrun for health_etl_pipeline to 2026-04-06 02:10:00+00:00, run_after=2026-04-06 02:20:00+00:00
[2026-04-06T02:22:50.020+0000] {processor.py:208} INFO - Processing /opt/airflow/dags/health_etl_dag.py took 0.162 seconds
[2026-04-06T02:23:20.117+0000] {processor.py:186} INFO - Started process (PID=119) to work on /opt/airflow/dags/health_etl_dag.py
[2026-04-06T02:23:20.119+0000] {processor.py:914} INFO - Processing file /opt/airflow/dags/health_etl_dag.py for tasks to queue
[2026-04-06T02:23:20.122+0000] {logging_mixin.py:190} INFO - [2026-04-06T02:23:20.121+0000] {dagbag.py:588} INFO - Filling up the DagBag from /opt/airflow/dags/health_etl_dag.py
[2026-04-06T02:23:20.139+0000] {processor.py:925} INFO - DAG(s) 'health_etl_pipeline' retrieved from /opt/airflow/dags/health_etl_dag.py
[2026-04-06T02:23:20.167+0000] {logging_mixin.py:190} INFO - [2026-04-06T02:23:20.167+0000] {dag.py:3239} INFO - Sync 1 DAGs
[2026-04-06T02:23:20.211+0000] {processor.py:208} INFO - Processing /opt/airflow/dags/health_etl_dag.py took 0.105 seconds
[2026-04-06T02:23:51.282+0000] {processor.py:186} INFO - Started process (PID=120) to work on /opt/airflow/dags/health_etl_dag.py
[2026-04-06T02:23:51.283+0000] {processor.py:914} INFO - Processing file /opt/airflow/dags/health_etl_dag.py for tasks to queue
[2026-04-06T02:23:51.287+0000] {logging_mixin.py:190} INFO - [2026-04-06T02:23:51.286+0000] {dagbag.py:588} INFO - Filling up the DagBag from /opt/airflow/dags/health_etl_dag.py
[2026-04-06T02:23:51.301+0000] {processor.py:925} INFO - DAG(s) 'health_etl_pipeline' retrieved from /opt/airflow/dags/health_etl_dag.py
[2026-04-06T02:23:51.322+0000] {logging_mixin.py:190} INFO - [2026-04-06T02:23:51.321+0000] {dag.py:3239} INFO - Sync 1 DAGs
[2026-04-06T02:23:51.356+0000] {processor.py:208} INFO - Processing /opt/airflow/dags/health_etl_dag.py took 0.080 seconds
[2026-04-06T02:24:21.646+0000] {processor.py:186} INFO - Started process (PID=121) to work on /opt/airflow/dags/health_etl_dag.py
[2026-04-06T02:24:21.647+0000] {processor.py:914} INFO - Processing file /opt/airflow/dags/health_etl_dag.py for tasks to queue
[2026-04-06T02:24:21.649+0000] {logging_mixin.py:190} INFO - [2026-04-06T02:24:21.649+0000] {dagbag.py:588} INFO - Filling up the DagBag from /opt/airflow/dags/health_etl_dag.py
[2026-04-06T02:24:21.662+0000] {processor.py:925} INFO - DAG(s) 'health_etl_pipeline' retrieved from /opt/airflow/dags/health_etl_dag.py
[2026-04-06T02:24:21.682+0000] {logging_mixin.py:190} INFO - [2026-04-06T02:24:21.682+0000] {dag.py:3239} INFO - Sync 1 DAGs
[2026-04-06T02:24:21.713+0000] {processor.py:208} INFO - Processing /opt/airflow/dags/health_etl_dag.py took 0.073 seconds
[2026-04-06T02:24:51.942+0000] {processor.py:186} INFO - Started process (PID=122) to work on /opt/airflow/dags/health_etl_dag.py
[2026-04-06T02:24:51.943+0000] {processor.py:914} INFO - Processing file /opt/airflow/dags/health_etl_dag.py for tasks to queue
[2026-04-06T02:24:51.947+0000] {logging_mixin.py:190} INFO - [2026-04-06T02:24:51.946+0000] {dagbag.py:588} INFO - Filling up the DagBag from /opt/airflow/dags/health_etl_dag.py
[2026-04-06T02:24:51.984+0000] {processor.py:925} INFO - DAG(s) 'health_etl_pipeline' retrieved from /opt/airflow/dags/health_etl_dag.py
[2026-04-06T02:24:52.459+0000] {logging_mixin.py:190} INFO - [2026-04-06T02:24:52.459+0000] {dag.py:3239} INFO - Sync 1 DAGs
[2026-04-06T02:24:52.510+0000] {logging_mixin.py:190} INFO - [2026-04-06T02:24:52.509+0000] {dag.py:3262} INFO - Creating ORM DAG for health_etl_pipeline
[2026-04-06T02:24:52.596+0000] {logging_mixin.py:190} INFO - [2026-04-06T02:24:52.595+0000] {dag.py:4180} INFO - Setting next_dagrun for health_etl_pipeline to 2026-04-06 02:10:00+00:00, run_after=2026-04-06 02:20:00+00:00
[2026-04-06T02:24:52.657+0000] {processor.py:208} INFO - Processing /opt/airflow/dags/health_etl_dag.py took 0.722 seconds
[2026-04-06T02:25:31.730+0000] {processor.py:186} INFO - Started process (PID=55) to work on /opt/airflow/dags/health_etl_dag.py
[2026-04-06T02:25:31.732+0000] {processor.py:914} INFO - Processing file /opt/airflow/dags/health_etl_dag.py for tasks to queue
[2026-04-06T02:25:31.736+0000] {logging_mixin.py:190} INFO - [2026-04-06T02:25:31.736+0000] {dagbag.py:588} INFO - Filling up the DagBag from /opt/airflow/dags/health_etl_dag.py
[2026-04-06T02:25:31.765+0000] {processor.py:925} INFO - DAG(s) 'health_etl_pipeline' retrieved from /opt/airflow/dags/health_etl_dag.py
[2026-04-06T02:25:31.951+0000] {logging_mixin.py:190} INFO - [2026-04-06T02:25:31.950+0000] {override.py:1911} INFO - Created Permission View: can edit on DAG:health_etl_pipeline
[2026-04-06T02:25:31.972+0000] {logging_mixin.py:190} INFO - [2026-04-06T02:25:31.971+0000] {override.py:1911} INFO - Created Permission View: can read on DAG:health_etl_pipeline
[2026-04-06T02:25:31.983+0000] {logging_mixin.py:190} INFO - [2026-04-06T02:25:31.983+0000] {override.py:1911} INFO - Created Permission View: can delete on DAG:health_etl_pipeline
[2026-04-06T02:25:32.000+0000] {logging_mixin.py:190} INFO - [2026-04-06T02:25:31.999+0000] {override.py:1911} INFO - Created Permission View: can delete on DAG Run:health_etl_pipeline
[2026-04-06T02:25:32.009+0000] {logging_mixin.py:190} INFO - [2026-04-06T02:25:32.008+0000] {override.py:1911} INFO - Created Permission View: can read on DAG Run:health_etl_pipeline
[2026-04-06T02:25:32.018+0000] {logging_mixin.py:190} INFO - [2026-04-06T02:25:32.017+0000] {override.py:1911} INFO - Created Permission View: menu access on DAG Run:health_etl_pipeline
[2026-04-06T02:25:32.025+0000] {logging_mixin.py:190} INFO - [2026-04-06T02:25:32.024+0000] {override.py:1911} INFO - Created Permission View: can create on DAG Run:health_etl_pipeline
[2026-04-06T02:25:32.025+0000] {logging_mixin.py:190} INFO - [2026-04-06T02:25:32.025+0000] {dag.py:3239} INFO - Sync 1 DAGs
[2026-04-06T02:25:32.039+0000] {logging_mixin.py:190} INFO - [2026-04-06T02:25:32.039+0000] {dag.py:3262} INFO - Creating ORM DAG for health_etl_pipeline
[2026-04-06T02:25:32.054+0000] {logging_mixin.py:190} INFO - [2026-04-06T02:25:32.054+0000] {dag.py:4180} INFO - Setting next_dagrun for health_etl_pipeline to 2026-04-06 02:10:00+00:00, run_after=2026-04-06 02:20:00+00:00
[2026-04-06T02:25:32.075+0000] {processor.py:208} INFO - Processing /opt/airflow/dags/health_etl_dag.py took 0.404 seconds
[2026-04-06T02:26:02.814+0000] {processor.py:186} INFO - Started process (PID=83) to work on /opt/airflow/dags/health_etl_dag.py
[2026-04-06T02:26:02.815+0000] {processor.py:914} INFO - Processing file /opt/airflow/dags/health_etl_dag.py for tasks to queue
[2026-04-06T02:26:02.817+0000] {logging_mixin.py:190} INFO - [2026-04-06T02:26:02.816+0000] {dagbag.py:588} INFO - Filling up the DagBag from /opt/airflow/dags/health_etl_dag.py
[2026-04-06T02:26:02.828+0000] {processor.py:925} INFO - DAG(s) 'health_etl_pipeline' retrieved from /opt/airflow/dags/health_etl_dag.py
[2026-04-06T02:26:02.844+0000] {logging_mixin.py:190} INFO - [2026-04-06T02:26:02.844+0000] {dag.py:3239} INFO - Sync 1 DAGs
[2026-04-06T02:26:02.861+0000] {logging_mixin.py:190} INFO - [2026-04-06T02:26:02.860+0000] {dag.py:4180} INFO - Setting next_dagrun for health_etl_pipeline to 2026-04-06 02:10:00+00:00, run_after=2026-04-06 02:20:00+00:00
[2026-04-06T02:26:02.873+0000] {processor.py:208} INFO - Processing /opt/airflow/dags/health_etl_dag.py took 0.064 seconds
[2026-04-06T02:26:33.788+0000] {processor.py:186} INFO - Started process (PID=116) to work on /opt/airflow/dags/health_etl_dag.py
[2026-04-06T02:26:33.789+0000] {processor.py:914} INFO - Processing file /opt/airflow/dags/health_etl_dag.py for tasks to queue
[2026-04-06T02:26:33.794+0000] {logging_mixin.py:190} INFO - [2026-04-06T02:26:33.793+0000] {dagbag.py:588} INFO - Filling up the DagBag from /opt/airflow/dags/health_etl_dag.py
[2026-04-06T02:26:33.819+0000] {processor.py:925} INFO - DAG(s) 'health_etl_pipeline' retrieved from /opt/airflow/dags/health_etl_dag.py
[2026-04-06T02:26:33.859+0000] {logging_mixin.py:190} INFO - [2026-04-06T02:26:33.858+0000] {dag.py:3239} INFO - Sync 1 DAGs
[2026-04-06T02:26:33.996+0000] {processor.py:208} INFO - Processing /opt/airflow/dags/health_etl_dag.py took 0.217 seconds
[2026-04-06T02:27:05.002+0000] {processor.py:186} INFO - Started process (PID=117) to work on /opt/airflow/dags/health_etl_dag.py
[2026-04-06T02:27:05.004+0000] {processor.py:914} INFO - Processing file /opt/airflow/dags/health_etl_dag.py for tasks to queue
[2026-04-06T02:27:05.006+0000] {logging_mixin.py:190} INFO - [2026-04-06T02:27:05.006+0000] {dagbag.py:588} INFO - Filling up the DagBag from /opt/airflow/dags/health_etl_dag.py
[2026-04-06T02:27:05.019+0000] {processor.py:925} INFO - DAG(s) 'health_etl_pipeline' retrieved from /opt/airflow/dags/health_etl_dag.py
[2026-04-06T02:27:05.038+0000] {logging_mixin.py:190} INFO - [2026-04-06T02:27:05.038+0000] {dag.py:3239} INFO - Sync 1 DAGs
[2026-04-06T02:27:05.100+0000] {processor.py:208} INFO - Processing /opt/airflow/dags/health_etl_dag.py took 0.103 seconds
