[2026-04-06T02:15:09.154+0000] {manager.py:483} INFO - Processing files using up to 1 processes at a time 
[2026-04-06T02:15:09.156+0000] {manager.py:484} INFO - Process each file at most once every 30 seconds
[2026-04-06T02:15:09.156+0000] {manager.py:485} INFO - Checking for new files in /opt/airflow/dags every 300 seconds
[2026-04-06T02:15:09.156+0000] {manager.py:821} INFO - Searching for files in /opt/airflow/dags
[2026-04-06T02:15:09.162+0000] {manager.py:824} INFO - There are 1 files in /opt/airflow/dags
[2026-04-06T02:15:09.616+0000] {manager.py:997} INFO - 
================================================================================
DAG File Processing Stats

File Path                            PID    Runtime      # DAGs    # Errors  Last Runtime    Last Run               Last # of DB Queries
-----------------------------------  -----  ---------  --------  ----------  --------------  -------------------  ----------------------
/opt/airflow/dags/health_etl_dag.py                           1           0  0.31s           2026-04-06T02:15:09                      45
================================================================================
[2026-04-06T02:15:40.548+0000] {manager.py:997} INFO - 
================================================================================
DAG File Processing Stats

File Path                            PID    Runtime      # DAGs    # Errors  Last Runtime    Last Run               Last # of DB Queries
-----------------------------------  -----  ---------  --------  ----------  --------------  -------------------  ----------------------
/opt/airflow/dags/health_etl_dag.py                           1           0  0.11s           2026-04-06T02:15:40                      12
================================================================================
[2026-04-06T02:16:10.841+0000] {manager.py:997} INFO - 
================================================================================
DAG File Processing Stats

File Path                            PID    Runtime      # DAGs    # Errors  Last Runtime    Last Run               Last # of DB Queries
-----------------------------------  -----  ---------  --------  ----------  --------------  -------------------  ----------------------
/opt/airflow/dags/health_etl_dag.py                           1           0  0.13s           2026-04-06T02:16:10                      12
================================================================================
[2026-04-06T02:16:41.118+0000] {manager.py:997} INFO - 
================================================================================
DAG File Processing Stats

File Path                            PID    Runtime      # DAGs    # Errors  Last Runtime    Last Run               Last # of DB Queries
-----------------------------------  -----  ---------  --------  ----------  --------------  -------------------  ----------------------
/opt/airflow/dags/health_etl_dag.py                           1           0  0.11s           2026-04-06T02:16:41                      12
================================================================================
[2026-04-06T02:17:11.431+0000] {manager.py:997} INFO - 
================================================================================
DAG File Processing Stats

File Path                            PID    Runtime      # DAGs    # Errors  Last Runtime    Last Run               Last # of DB Queries
-----------------------------------  -----  ---------  --------  ----------  --------------  -------------------  ----------------------
/opt/airflow/dags/health_etl_dag.py                           1           0  0.15s           2026-04-06T02:17:11                      12
================================================================================
[2026-04-06T02:17:41.974+0000] {manager.py:997} INFO - 
================================================================================
DAG File Processing Stats

File Path                            PID    Runtime      # DAGs    # Errors  Last Runtime    Last Run               Last # of DB Queries
-----------------------------------  -----  ---------  --------  ----------  --------------  -------------------  ----------------------
/opt/airflow/dags/health_etl_dag.py                           1           0  0.21s           2026-04-06T02:17:41                      12
================================================================================
[2026-04-06T02:18:12.209+0000] {manager.py:997} INFO - 
================================================================================
DAG File Processing Stats

File Path                            PID    Runtime      # DAGs    # Errors  Last Runtime    Last Run               Last # of DB Queries
-----------------------------------  -----  ---------  --------  ----------  --------------  -------------------  ----------------------
/opt/airflow/dags/health_etl_dag.py                           1           0  0.21s           2026-04-06T02:18:12                      12
================================================================================
[2026-04-06T02:18:43.463+0000] {manager.py:997} INFO - 
================================================================================
DAG File Processing Stats

File Path                            PID    Runtime      # DAGs    # Errors  Last Runtime    Last Run               Last # of DB Queries
-----------------------------------  -----  ---------  --------  ----------  --------------  -------------------  ----------------------
/opt/airflow/dags/health_etl_dag.py                           1           0  0.21s           2026-04-06T02:18:43                      12
================================================================================
[2026-04-06T02:19:13.761+0000] {manager.py:997} INFO - 
================================================================================
DAG File Processing Stats

File Path                            PID    Runtime      # DAGs    # Errors  Last Runtime    Last Run               Last # of DB Queries
-----------------------------------  -----  ---------  --------  ----------  --------------  -------------------  ----------------------
/opt/airflow/dags/health_etl_dag.py                           1           0  0.11s           2026-04-06T02:19:13                      12
================================================================================
[2026-04-06T02:19:43.827+0000] {manager.py:997} INFO - 
================================================================================
DAG File Processing Stats

File Path                            PID    Runtime      # DAGs    # Errors  Last Runtime    Last Run               Last # of DB Queries
-----------------------------------  -----  ---------  --------  ----------  --------------  -------------------  ----------------------
/opt/airflow/dags/health_etl_dag.py                           1           0  0.69s           2026-04-06T02:19:22                      12
================================================================================
[2026-04-06T02:20:46.461+0000] {manager.py:483} INFO - Processing files using up to 1 processes at a time 
[2026-04-06T02:20:46.462+0000] {manager.py:484} INFO - Process each file at most once every 30 seconds
[2026-04-06T02:20:46.463+0000] {manager.py:485} INFO - Checking for new files in /opt/airflow/dags every 300 seconds
[2026-04-06T02:20:46.463+0000] {manager.py:821} INFO - Searching for files in /opt/airflow/dags
[2026-04-06T02:20:46.467+0000] {manager.py:824} INFO - There are 1 files in /opt/airflow/dags
[2026-04-06T02:20:46.967+0000] {manager.py:997} INFO - 
================================================================================
DAG File Processing Stats

File Path                            PID    Runtime      # DAGs    # Errors  Last Runtime    Last Run               Last # of DB Queries
-----------------------------------  -----  ---------  --------  ----------  --------------  -------------------  ----------------------
/opt/airflow/dags/health_etl_dag.py                           1           0  0.41s           2026-04-06T02:20:46                      45
================================================================================
[2026-04-06T02:21:17.854+0000] {manager.py:997} INFO - 
================================================================================
DAG File Processing Stats

File Path                            PID    Runtime      # DAGs    # Errors  Last Runtime    Last Run               Last # of DB Queries
-----------------------------------  -----  ---------  --------  ----------  --------------  -------------------  ----------------------
/opt/airflow/dags/health_etl_dag.py                           1           0  0.11s           2026-04-06T02:21:17                      12
================================================================================
[2026-04-06T02:21:48.500+0000] {manager.py:997} INFO - 
================================================================================
DAG File Processing Stats

File Path                            PID    Runtime      # DAGs    # Errors  Last Runtime    Last Run               Last # of DB Queries
-----------------------------------  -----  ---------  --------  ----------  --------------  -------------------  ----------------------
/opt/airflow/dags/health_etl_dag.py                           1           0  0.46s           2026-04-06T02:21:48                      12
================================================================================
[2026-04-06T02:22:19.749+0000] {manager.py:997} INFO - 
================================================================================
DAG File Processing Stats

File Path                            PID    Runtime      # DAGs    # Errors  Last Runtime    Last Run               Last # of DB Queries
-----------------------------------  -----  ---------  --------  ----------  --------------  -------------------  ----------------------
/opt/airflow/dags/health_etl_dag.py                           1           0  0.21s           2026-04-06T02:22:19                      12
================================================================================
[2026-04-06T02:22:50.058+0000] {manager.py:997} INFO - 
================================================================================
DAG File Processing Stats

File Path                            PID    Runtime      # DAGs    # Errors  Last Runtime    Last Run               Last # of DB Queries
-----------------------------------  -----  ---------  --------  ----------  --------------  -------------------  ----------------------
/opt/airflow/dags/health_etl_dag.py                           1           0  0.21s           2026-04-06T02:22:50                      12
================================================================================
[2026-04-06T02:23:20.308+0000] {manager.py:997} INFO - 
================================================================================
DAG File Processing Stats

File Path                            PID    Runtime      # DAGs    # Errors  Last Runtime    Last Run               Last # of DB Queries
-----------------------------------  -----  ---------  --------  ----------  --------------  -------------------  ----------------------
/opt/airflow/dags/health_etl_dag.py                           1           0  0.21s           2026-04-06T02:23:20                      12
================================================================================
[2026-04-06T02:23:51.375+0000] {manager.py:997} INFO - 
================================================================================
DAG File Processing Stats

File Path                            PID    Runtime      # DAGs    # Errors  Last Runtime    Last Run               Last # of DB Queries
-----------------------------------  -----  ---------  --------  ----------  --------------  -------------------  ----------------------
/opt/airflow/dags/health_etl_dag.py                           1           0  0.11s           2026-04-06T02:23:51                      12
================================================================================
[2026-04-06T02:24:21.739+0000] {manager.py:997} INFO - 
================================================================================
DAG File Processing Stats

File Path                            PID    Runtime      # DAGs    # Errors  Last Runtime    Last Run               Last # of DB Queries
-----------------------------------  -----  ---------  --------  ----------  --------------  -------------------  ----------------------
/opt/airflow/dags/health_etl_dag.py                           1           0  0.11s           2026-04-06T02:24:21                      12
================================================================================
[2026-04-06T02:24:52.753+0000] {manager.py:997} INFO - 
================================================================================
DAG File Processing Stats

File Path                            PID    Runtime      # DAGs    # Errors  Last Runtime    Last Run               Last # of DB Queries
-----------------------------------  -----  ---------  --------  ----------  --------------  -------------------  ----------------------
/opt/airflow/dags/health_etl_dag.py                           1           0  0.84s           2026-04-06T02:24:52                      33
================================================================================
[2026-04-06T02:25:31.501+0000] {manager.py:483} INFO - Processing files using up to 1 processes at a time 
[2026-04-06T02:25:31.503+0000] {manager.py:484} INFO - Process each file at most once every 30 seconds
[2026-04-06T02:25:31.504+0000] {manager.py:485} INFO - Checking for new files in /opt/airflow/dags every 300 seconds
[2026-04-06T02:25:31.504+0000] {manager.py:821} INFO - Searching for files in /opt/airflow/dags
[2026-04-06T02:25:31.511+0000] {manager.py:824} INFO - There are 1 files in /opt/airflow/dags
[2026-04-06T02:25:32.178+0000] {manager.py:997} INFO - 
================================================================================
DAG File Processing Stats

File Path                            PID    Runtime      # DAGs    # Errors  Last Runtime    Last Run               Last # of DB Queries
-----------------------------------  -----  ---------  --------  ----------  --------------  -------------------  ----------------------
/opt/airflow/dags/health_etl_dag.py                           1           0  0.51s           2026-04-06T02:25:32                      45
================================================================================
[2026-04-06T02:26:02.910+0000] {manager.py:997} INFO - 
================================================================================
DAG File Processing Stats

File Path                            PID    Runtime      # DAGs    # Errors  Last Runtime    Last Run               Last # of DB Queries
-----------------------------------  -----  ---------  --------  ----------  --------------  -------------------  ----------------------
/opt/airflow/dags/health_etl_dag.py                           1           0  0.11s           2026-04-06T02:26:02                      12
================================================================================
[2026-04-06T02:26:34.080+0000] {manager.py:997} INFO - 
================================================================================
DAG File Processing Stats

File Path                            PID    Runtime      # DAGs    # Errors  Last Runtime    Last Run               Last # of DB Queries
-----------------------------------  -----  ---------  --------  ----------  --------------  -------------------  ----------------------
/opt/airflow/dags/health_etl_dag.py                           1           0  0.31s           2026-04-06T02:26:34                      12
================================================================================
[2026-04-06T02:27:05.197+0000] {manager.py:997} INFO - 
================================================================================
DAG File Processing Stats

File Path                            PID    Runtime      # DAGs    # Errors  Last Runtime    Last Run               Last # of DB Queries
-----------------------------------  -----  ---------  --------  ----------  --------------  -------------------  ----------------------
/opt/airflow/dags/health_etl_dag.py                           1           0  0.21s           2026-04-06T02:27:05                      12
================================================================================
